TN:
SF:src/modules/Users/services/CreateSessonService.ts
FN:19,(anonymous_18)
FN:20,CreateSessionService
FN:27,(anonymous_20)
FNF:3
FNH:0
FNDA:0,(anonymous_18)
FNDA:0,CreateSessionService
FNDA:0,(anonymous_20)
DA:1,0
DA:2,0
DA:3,0
DA:19,0
DA:22,0
DA:24,0
DA:27,0
DA:28,0
DA:30,0
DA:31,0
DA:34,0
DA:39,0
DA:40,0
DA:43,0
DA:48,0
DA:50,0
DA:52,0
LF:17
LH:0
BRDA:28,0,0,0
BRDA:30,1,0,0
BRDA:30,1,1,0
BRDA:39,2,0,0
BRDA:39,2,1,0
BRF:5
BRH:0
end_of_record
TN:
SF:src/modules/Users/services/ShowProfileService.ts
FN:9,(anonymous_17)
FN:10,ShowProfileService
FN:15,(anonymous_19)
FNF:3
FNH:3
FNDA:1,(anonymous_17)
FNDA:2,ShowProfileService
FNDA:2,(anonymous_19)
DA:1,1
DA:9,1
DA:12,2
DA:15,2
DA:16,2
DA:18,2
DA:19,1
DA:22,1
DA:24,1
DA:26,1
LF:10
LH:10
BRDA:16,0,0,2
BRDA:18,1,0,1
BRDA:18,1,1,1
BRF:3
BRH:3
end_of_record
TN:
SF:src/modules/Users/services/UpdateProfileService.ts
FN:14,(anonymous_17)
FN:15,UpdateProfileService
FN:22,(anonymous_19)
FNF:3
FNH:3
FNDA:1,(anonymous_17)
FNDA:5,UpdateProfileService
FNDA:5,(anonymous_19)
DA:1,1
DA:14,1
DA:17,5
DA:19,5
DA:22,1
DA:23,5
DA:24,5
DA:25,5
DA:26,5
DA:27,5
DA:29,5
DA:31,5
DA:32,1
DA:35,4
DA:36,4
DA:37,4
DA:38,1
DA:42,3
DA:43,3
DA:45,3
DA:46,3
DA:47,1
DA:50,2
DA:55,2
DA:57,1
DA:60,2
DA:62,1
DA:64,1
DA:66,1
LF:29
LH:29
BRDA:29,0,0,5
BRDA:29,0,1,1
BRDA:31,1,0,1
BRDA:31,1,1,4
BRDA:35,2,0,0
BRDA:35,2,1,4
BRDA:37,3,0,1
BRDA:37,3,1,3
BRDA:37,4,0,4
BRDA:37,4,1,1
BRDA:42,5,0,3
BRDA:42,5,1,0
BRDA:43,6,0,3
BRDA:43,6,1,0
BRDA:45,7,0,0
BRDA:45,7,1,3
BRDA:46,8,0,1
BRDA:46,8,1,2
BRDA:55,9,0,1
BRDA:55,9,1,1
BRF:20
BRH:16
end_of_record
